# JRE version: OpenJDK Runtime Environment (8.0) (build 1.8.0-25-microsoft-b00)
# Java VM: OpenJDK 64-Bit Server VM (25.71-b00 mixed mode windows-amd64 compressed oops)
Heap:
 PSYoungGen      total 220672K, used 101975K [0x00000000eab00000, 0x00000000fb680000, 0x0000000100000000)
  eden space 188928K, 53% used [0x00000000eab00000,0x00000000f0e95c10,0x00000000f6380000)
  from space 31744K, 0% used [0x00000000f6500000,0x00000000f6500000,0x00000000f8400000)
  to   space 42496K, 0% used [0x00000000f8d00000,0x00000000f8d00000,0x00000000fb680000)
 ParOldGen       total 147456K, used 146221K [0x00000000c0000000, 0x00000000c9000000, 0x00000000eab00000)
  object space 147456K, 99% used [0x00000000c0000000,0x00000000c8ecb670,0x00000000c9000000)
 Metaspace       used 6700K, capacity 7352K, committed 7552K, reserved 1056768K
  class space    used 611K, capacity 624K, committed 640K, reserved 1048576K
GC Heap History (10 events):
Event: 4.201 GC heap before
{Heap before GC invocations=12 (full 1):
 PSYoungGen      total 178176K, used 177703K [0x00000000eab00000, 0x00000000fa300000, 0x0000000100000000)
  eden space 151552K, 100% used [0x00000000eab00000,0x00000000f3f00000,0x00000000f3f00000)
  from space 26624K, 98% used [0x00000000f8900000,0x00000000fa289f10,0x00000000fa300000)
  to   space 31744K, 0% used [0x00000000f6500000,0x00000000f6500000,0x00000000f8400000)
 ParOldGen       total 81920K, used 49515K [0x00000000c0000000, 0x00000000c5000000, 0x00000000eab00000)
  object space 81920K, 60% used [0x00000000c0000000,0x00000000c305acf8,0x00000000c5000000)
 Metaspace       used 6685K, capacity 7352K, committed 7552K, reserved 1056768K
  class space    used 611K, capacity 624K, committed 640K, reserved 1048576K
Event: 4.272 GC heap after
Heap after GC invocations=12 (full 1):
 PSYoungGen      total 220672K, used 31736K [0x00000000eab00000, 0x00000000fb680000, 0x0000000100000000)
  eden space 188928K, 0% used [0x00000000eab00000,0x00000000eab00000,0x00000000f6380000)
  from space 31744K, 99% used [0x00000000f6500000,0x00000000f83fe240,0x00000000f8400000)
  to   space 42496K, 0% used [0x00000000f8d00000,0x00000000f8d00000,0x00000000fb680000)
 ParOldGen       total 81920K, used 64573K [0x00000000c0000000, 0x00000000c5000000, 0x00000000eab00000)
  object space 81920K, 78% used [0x00000000c0000000,0x00000000c3f0f548,0x00000000c5000000)
 Metaspace       used 6685K, capacity 7352K, committed 7552K, reserved 1056768K
  class space    used 611K, capacity 624K, committed 640K, reserved 1048576K
}
Event: 4.817 GC heap before
{Heap before GC invocations=13 (full 1):
 PSYoungGen      total 220672K, used 220664K [0x00000000eab00000, 0x00000000fb680000, 0x0000000100000000)
  eden space 188928K, 100% used [0x00000000eab00000,0x00000000f6380000,0x00000000f6380000)
  from space 31744K, 99% used [0x00000000f6500000,0x00000000f83fe240,0x00000000f8400000)
  to   space 42496K, 0% used [0x00000000f8d00000,0x00000000f8d00000,0x00000000fb680000)
 ParOldGen       total 81920K, used 64573K [0x00000000c0000000, 0x00000000c5000000, 0x00000000eab00000)
  object space 81920K, 78% used [0x00000000c0000000,0x00000000c3f0f548,0x00000000c5000000)
 Metaspace       used 6695K, capacity 7352K, committed 7552K, reserved 1056768K
  class space    used 611K, capacity 624K, committed 640K, reserved 1048576K
Event: 4.933 GC heap after
Heap after GC invocations=13 (full 1):
 PSYoungGen      total 231424K, used 42473K [0x00000000eab00000, 0x00000000fb680000, 0x0000000100000000)
  eden space 188928K, 0% used [0x00000000eab00000,0x00000000eab00000,0x00000000f6380000)
  from space 42496K, 99% used [0x00000000f8d00000,0x00000000fb67a558,0x00000000fb680000)
  to   space 31744K, 0% used [0x00000000f6500000,0x00000000f6500000,0x00000000f8400000)
 ParOldGen       total 82944K, used 82493K [0x00000000c0000000, 0x00000000c5100000, 0x00000000eab00000)
  object space 82944K, 99% used [0x00000000c0000000,0x00000000c508f478,0x00000000c5100000)
 Metaspace       used 6695K, capacity 7352K, committed 7552K, reserved 1056768K
  class space    used 611K, capacity 624K, committed 640K, reserved 1048576K
}
Event: 4.934 GC heap before
{Heap before GC invocations=14 (full 2):
 PSYoungGen      total 231424K, used 42473K [0x00000000eab00000, 0x00000000fb680000, 0x0000000100000000)
  eden space 188928K, 0% used [0x00000000eab00000,0x00000000eab00000,0x00000000f6380000)
  from space 42496K, 99% used [0x00000000f8d00000,0x00000000fb67a558,0x00000000fb680000)
  to   space 31744K, 0% used [0x00000000f6500000,0x00000000f6500000,0x00000000f8400000)
 ParOldGen       total 82944K, used 82493K [0x00000000c0000000, 0x00000000c5100000, 0x00000000eab00000)
  object space 82944K, 99% used [0x00000000c0000000,0x00000000c508f478,0x00000000c5100000)
 Metaspace       used 6695K, capacity 7352K, committed 7552K, reserved 1056768K
  class space    used 611K, capacity 624K, committed 640K, reserved 1048576K
Event: 6.350 GC heap after
Heap after GC invocations=14 (full 2):
 PSYoungGen      total 231424K, used 39153K [0x00000000eab00000, 0x00000000fb680000, 0x0000000100000000)
  eden space 188928K, 0% used [0x00000000eab00000,0x00000000eab00000,0x00000000f6380000)
  from space 42496K, 92% used [0x00000000f8d00000,0x00000000fb33c4c8,0x00000000fb680000)
  to   space 31744K, 0% used [0x00000000f6500000,0x00000000f6500000,0x00000000f8400000)
 ParOldGen       total 147456K, used 82899K [0x00000000c0000000, 0x00000000c9000000, 0x00000000eab00000)
  object space 147456K, 56% used [0x00000000c0000000,0x00000000c50f4f58,0x00000000c9000000)
 Metaspace       used 6695K, capacity 7352K, committed 7552K, reserved 1056768K
  class space    used 611K, capacity 624K, committed 640K, reserved 1048576K
}
Event: 6.934 GC heap before
{Heap before GC invocations=15 (full 2):
 PSYoungGen      total 231424K, used 228081K [0x00000000eab00000, 0x00000000fb680000, 0x0000000100000000)
  eden space 188928K, 100% used [0x00000000eab00000,0x00000000f6380000,0x00000000f6380000)
  from space 42496K, 92% used [0x00000000f8d00000,0x00000000fb33c4c8,0x00000000fb680000)
  to   space 31744K, 0% used [0x00000000f6500000,0x00000000f6500000,0x00000000f8400000)
 ParOldGen       total 147456K, used 82899K [0x00000000c0000000, 0x00000000c9000000, 0x00000000eab00000)
  object space 147456K, 56% used [0x00000000c0000000,0x00000000c50f4f58,0x00000000c9000000)
 Metaspace       used 6696K, capacity 7352K, committed 7552K, reserved 1056768K
  class space    used 611K, capacity 624K, committed 640K, reserved 1048576K
Event: 7.055 GC heap after
Heap after GC invocations=15 (full 2):
 PSYoungGen      total 220672K, used 26535K [0x00000000eab00000, 0x00000000fb680000, 0x0000000100000000)
  eden space 188928K, 0% used [0x00000000eab00000,0x00000000eab00000,0x00000000f6380000)
  from space 31744K, 83% used [0x00000000f6500000,0x00000000f7ee9cf8,0x00000000f8400000)
  to   space 42496K, 0% used [0x00000000f8d00000,0x00000000f8d00000,0x00000000fb680000)
 ParOldGen       total 147456K, used 122052K [0x00000000c0000000, 0x00000000c9000000, 0x00000000eab00000)
  object space 147456K, 82% used [0x00000000c0000000,0x00000000c7731120,0x00000000c9000000)
 Metaspace       used 6696K, capacity 7352K, committed 7552K, reserved 1056768K
  class space    used 611K, capacity 624K, committed 640K, reserved 1048576K
}
Event: 7.055 GC heap before
{Heap before GC invocations=16 (full 3):
 PSYoungGen      total 220672K, used 26535K [0x00000000eab00000, 0x00000000fb680000, 0x0000000100000000)
  eden space 188928K, 0% used [0x00000000eab00000,0x00000000eab00000,0x00000000f6380000)
  from space 31744K, 83% used [0x00000000f6500000,0x00000000f7ee9cf8,0x00000000f8400000)
  to   space 42496K, 0% used [0x00000000f8d00000,0x00000000f8d00000,0x00000000fb680000)
 ParOldGen       total 147456K, used 122052K [0x00000000c0000000, 0x00000000c9000000, 0x00000000eab00000)
  object space 147456K, 82% used [0x00000000c0000000,0x00000000c7731120,0x00000000c9000000)
 Metaspace       used 6696K, capacity 7352K, committed 7552K, reserved 1056768K
  class space    used 611K, capacity 624K, committed 640K, reserved 1048576K
Event: 8.242 GC heap after
Heap after GC invocations=16 (full 3):
 PSYoungGen      total 220672K, used 0K [0x00000000eab00000, 0x00000000fb680000, 0x0000000100000000)
  eden space 188928K, 0% used [0x00000000eab00000,0x00000000eab00000,0x00000000f6380000)
  from space 31744K, 0% used [0x00000000f6500000,0x00000000f6500000,0x00000000f8400000)
  to   space 42496K, 0% used [0x00000000f8d00000,0x00000000f8d00000,0x00000000fb680000)
 ParOldGen       total 147456K, used 146221K [0x00000000c0000000, 0x00000000c9000000, 0x00000000eab00000)
  object space 147456K, 99% used [0x00000000c0000000,0x00000000c8ecb670,0x00000000c9000000)
 Metaspace       used 6696K, capacity 7352K, committed 7552K, reserved 1056768K
  class space    used 611K, capacity 624K, committed 640K, reserved 1048576K
}

