# JRE version: OpenJDK Runtime Environment (8.0) (build 1.8.0-25-microsoft-b00)
# Java VM: OpenJDK 64-Bit Server VM (25.71-b00 mixed mode windows-amd64 compressed oops)
Heap:
 PSYoungGen      total 258048K, used 120838K [0x00000000eab00000, 0x0000000100000000, 0x0000000100000000)
  eden space 206336K, 53% used [0x00000000eab00000,0x00000000f1633130,0x00000000f7480000)
  from space 51712K, 21% used [0x00000000f7480000,0x00000000f7f4e770,0x00000000fa700000)
  to   space 74240K, 0% used [0x00000000fb780000,0x00000000fb780000,0x0000000100000000)
 ParOldGen       total 236032K, used 235866K [0x00000000c0000000, 0x00000000ce680000, 0x00000000eab00000)
  object space 236032K, 99% used [0x00000000c0000000,0x00000000ce656b20,0x00000000ce680000)
 Metaspace       used 7252K, capacity 7864K, committed 8192K, reserved 1056768K
  class space    used 631K, capacity 688K, committed 768K, reserved 1048576K
GC Heap History (10 events):
Event: 8.483 GC heap before
{Heap before GC invocations=17 (full 3):
 PSYoungGen      total 238080K, used 183808K [0x00000000eab00000, 0x00000000fe780000, 0x0000000100000000)
  eden space 183808K, 100% used [0x00000000eab00000,0x00000000f5e80000,0x00000000f5e80000)
  from space 54272K, 0% used [0x00000000f5e80000,0x00000000f5e80000,0x00000000f9380000)
  to   space 52736K, 0% used [0x00000000fb400000,0x00000000fb400000,0x00000000fe780000)
 ParOldGen       total 236032K, used 142021K [0x00000000c0000000, 0x00000000ce680000, 0x00000000eab00000)
  object space 236032K, 60% used [0x00000000c0000000,0x00000000c8ab1768,0x00000000ce680000)
 Metaspace       used 6699K, capacity 7352K, committed 7552K, reserved 1056768K
  class space    used 611K, capacity 624K, committed 640K, reserved 1048576K
Event: 8.522 GC heap after
Heap after GC invocations=17 (full 3):
 PSYoungGen      total 244736K, used 27154K [0x00000000eab00000, 0x00000000fd980000, 0x0000000100000000)
  eden space 206336K, 0% used [0x00000000eab00000,0x00000000eab00000,0x00000000f7480000)
  from space 38400K, 70% used [0x00000000fb400000,0x00000000fce84b98,0x00000000fd980000)
  to   space 51712K, 0% used [0x00000000f7480000,0x00000000f7480000,0x00000000fa700000)
 ParOldGen       total 236032K, used 142029K [0x00000000c0000000, 0x00000000ce680000, 0x00000000eab00000)
  object space 236032K, 60% used [0x00000000c0000000,0x00000000c8ab3768,0x00000000ce680000)
 Metaspace       used 6699K, capacity 7352K, committed 7552K, reserved 1056768K
  class space    used 611K, capacity 624K, committed 640K, reserved 1048576K
}
Event: 9.128 GC heap before
{Heap before GC invocations=18 (full 3):
 PSYoungGen      total 244736K, used 233490K [0x00000000eab00000, 0x00000000fd980000, 0x0000000100000000)
  eden space 206336K, 100% used [0x00000000eab00000,0x00000000f7480000,0x00000000f7480000)
  from space 38400K, 70% used [0x00000000fb400000,0x00000000fce84b98,0x00000000fd980000)
  to   space 51712K, 0% used [0x00000000f7480000,0x00000000f7480000,0x00000000fa700000)
 ParOldGen       total 236032K, used 142029K [0x00000000c0000000, 0x00000000ce680000, 0x00000000eab00000)
  object space 236032K, 60% used [0x00000000c0000000,0x00000000c8ab3768,0x00000000ce680000)
 Metaspace       used 6704K, capacity 7352K, committed 7552K, reserved 1056768K
  class space    used 611K, capacity 624K, committed 640K, reserved 1048576K
Event: 9.198 GC heap after
Heap after GC invocations=18 (full 3):
 PSYoungGen      total 258048K, used 51707K [0x00000000eab00000, 0x00000000fd980000, 0x0000000100000000)
  eden space 206336K, 0% used [0x00000000eab00000,0x00000000eab00000,0x00000000f7480000)
  from space 51712K, 99% used [0x00000000f7480000,0x00000000fa6fee10,0x00000000fa700000)
  to   space 38400K, 0% used [0x00000000fb400000,0x00000000fb400000,0x00000000fd980000)
 ParOldGen       total 236032K, used 145050K [0x00000000c0000000, 0x00000000ce680000, 0x00000000eab00000)
  object space 236032K, 61% used [0x00000000c0000000,0x00000000c8da6968,0x00000000ce680000)
 Metaspace       used 6704K, capacity 7352K, committed 7552K, reserved 1056768K
  class space    used 611K, capacity 624K, committed 640K, reserved 1048576K
}
Event: 9.842 GC heap before
{Heap before GC invocations=19 (full 3):
 PSYoungGen      total 258048K, used 258043K [0x00000000eab00000, 0x00000000fd980000, 0x0000000100000000)
  eden space 206336K, 100% used [0x00000000eab00000,0x00000000f7480000,0x00000000f7480000)
  from space 51712K, 99% used [0x00000000f7480000,0x00000000fa6fee10,0x00000000fa700000)
  to   space 38400K, 0% used [0x00000000fb400000,0x00000000fb400000,0x00000000fd980000)
 ParOldGen       total 236032K, used 145050K [0x00000000c0000000, 0x00000000ce680000, 0x00000000eab00000)
  object space 236032K, 61% used [0x00000000c0000000,0x00000000c8da6968,0x00000000ce680000)
 Metaspace       used 6714K, capacity 7352K, committed 7552K, reserved 1056768K
  class space    used 611K, capacity 624K, committed 640K, reserved 1048576K
Event: 9.932 GC heap after
Heap after GC invocations=19 (full 3):
 PSYoungGen      total 244736K, used 38389K [0x00000000eab00000, 0x00000000fd980000, 0x0000000100000000)
  eden space 206336K, 0% used [0x00000000eab00000,0x00000000eab00000,0x00000000f7480000)
  from space 38400K, 99% used [0x00000000fb400000,0x00000000fd97d558,0x00000000fd980000)
  to   space 51712K, 0% used [0x00000000f7480000,0x00000000f7480000,0x00000000fa700000)
 ParOldGen       total 236032K, used 187799K [0x00000000c0000000, 0x00000000ce680000, 0x00000000eab00000)
  object space 236032K, 79% used [0x00000000c0000000,0x00000000cb765e78,0x00000000ce680000)
 Metaspace       used 6714K, capacity 7352K, committed 7552K, reserved 1056768K
  class space    used 611K, capacity 624K, committed 640K, reserved 1048576K
}
Event: 10.797 GC heap before
{Heap before GC invocations=20 (full 3):
 PSYoungGen      total 244736K, used 244725K [0x00000000eab00000, 0x00000000fd980000, 0x0000000100000000)
  eden space 206336K, 100% used [0x00000000eab00000,0x00000000f7480000,0x00000000f7480000)
  from space 38400K, 99% used [0x00000000fb400000,0x00000000fd97d558,0x00000000fd980000)
  to   space 51712K, 0% used [0x00000000f7480000,0x00000000f7480000,0x00000000fa700000)
 ParOldGen       total 236032K, used 187799K [0x00000000c0000000, 0x00000000ce680000, 0x00000000eab00000)
  object space 236032K, 79% used [0x00000000c0000000,0x00000000cb765e78,0x00000000ce680000)
 Metaspace       used 6811K, capacity 7448K, committed 7680K, reserved 1056768K
  class space    used 615K, capacity 656K, committed 768K, reserved 1048576K
Event: 10.884 GC heap after
Heap after GC invocations=20 (full 3):
 PSYoungGen      total 258048K, used 28690K [0x00000000eab00000, 0x0000000100000000, 0x0000000100000000)
  eden space 206336K, 0% used [0x00000000eab00000,0x00000000eab00000,0x00000000f7480000)
  from space 51712K, 55% used [0x00000000f7480000,0x00000000f9084b60,0x00000000fa700000)
  to   space 74240K, 0% used [0x00000000fb780000,0x00000000fb780000,0x0000000100000000)
 ParOldGen       total 236032K, used 225294K [0x00000000c0000000, 0x00000000ce680000, 0x00000000eab00000)
  object space 236032K, 95% used [0x00000000c0000000,0x00000000cdc038b0,0x00000000ce680000)
 Metaspace       used 6811K, capacity 7448K, committed 7680K, reserved 1056768K
  class space    used 615K, capacity 656K, committed 768K, reserved 1048576K
}
Event: 10.884 GC heap before
{Heap before GC invocations=21 (full 4):
 PSYoungGen      total 258048K, used 28690K [0x00000000eab00000, 0x0000000100000000, 0x0000000100000000)
  eden space 206336K, 0% used [0x00000000eab00000,0x00000000eab00000,0x00000000f7480000)
  from space 51712K, 55% used [0x00000000f7480000,0x00000000f9084b60,0x00000000fa700000)
  to   space 74240K, 0% used [0x00000000fb780000,0x00000000fb780000,0x0000000100000000)
 ParOldGen       total 236032K, used 225294K [0x00000000c0000000, 0x00000000ce680000, 0x00000000eab00000)
  object space 236032K, 95% used [0x00000000c0000000,0x00000000cdc038b0,0x00000000ce680000)
 Metaspace       used 6811K, capacity 7448K, committed 7680K, reserved 1056768K
  class space    used 615K, capacity 656K, committed 768K, reserved 1048576K
Event: 13.130 GC heap after
Heap after GC invocations=21 (full 4):
 PSYoungGen      total 258048K, used 11065K [0x00000000eab00000, 0x0000000100000000, 0x0000000100000000)
  eden space 206336K, 0% used [0x00000000eab00000,0x00000000eab00000,0x00000000f7480000)
  from space 51712K, 21% used [0x00000000f7480000,0x00000000f7f4e770,0x00000000fa700000)
  to   space 74240K, 0% used [0x00000000fb780000,0x00000000fb780000,0x0000000100000000)
 ParOldGen       total 236032K, used 235866K [0x00000000c0000000, 0x00000000ce680000, 0x00000000eab00000)
  object space 236032K, 99% used [0x00000000c0000000,0x00000000ce656b20,0x00000000ce680000)
 Metaspace       used 6811K, capacity 7448K, committed 7680K, reserved 1056768K
  class space    used 615K, capacity 656K, committed 768K, reserved 1048576K
}

