# JRE version: OpenJDK Runtime Environment (8.0) (build 1.8.0-25-microsoft-b00)
# Java VM: OpenJDK 64-Bit Server VM (25.71-b00 mixed mode windows-amd64 compressed oops)
Heap:
 PSYoungGen      total 243200K, used 190735K [0x00000000eab00000, 0x00000000fd600000, 0x0000000100000000)
  eden space 216064K, 88% used [0x00000000eab00000,0x00000000f6543e70,0x00000000f7e00000)
  from space 27136K, 0% used [0x00000000fbb80000,0x00000000fbb80000,0x00000000fd600000)
  to   space 32256K, 0% used [0x00000000f9c00000,0x00000000f9c00000,0x00000000fbb80000)
 ParOldGen       total 102400K, used 102367K [0x00000000c0000000, 0x00000000c6400000, 0x00000000eab00000)
  object space 102400K, 99% used [0x00000000c0000000,0x00000000c63f7e38,0x00000000c6400000)
 Metaspace       used 6702K, capacity 7352K, committed 7552K, reserved 1056768K
  class space    used 611K, capacity 624K, committed 640K, reserved 1048576K
GC Heap History (10 events):
Event: 3.515 GC heap before
{Heap before GC invocations=9 (full 1):
 PSYoungGen      total 145408K, used 138184K [0x00000000eab00000, 0x00000000fdb00000, 0x0000000100000000)
  eden space 129536K, 100% used [0x00000000eab00000,0x00000000f2980000,0x00000000f2980000)
  from space 15872K, 54% used [0x00000000f2980000,0x00000000f31f20f0,0x00000000f3900000)
  to   space 26112K, 0% used [0x00000000fc180000,0x00000000fc180000,0x00000000fdb00000)
 ParOldGen       total 88064K, used 43982K [0x00000000c0000000, 0x00000000c5600000, 0x00000000eab00000)
  object space 88064K, 49% used [0x00000000c0000000,0x00000000c2af3ac0,0x00000000c5600000)
 Metaspace       used 6669K, capacity 7352K, committed 7552K, reserved 1056768K
  class space    used 611K, capacity 624K, committed 640K, reserved 1048576K
Event: 3.562 GC heap after
Heap after GC invocations=9 (full 1):
 PSYoungGen      total 198656K, used 26102K [0x00000000eab00000, 0x00000000fdb00000, 0x0000000100000000)
  eden space 172544K, 0% used [0x00000000eab00000,0x00000000eab00000,0x00000000f5380000)
  from space 26112K, 99% used [0x00000000fc180000,0x00000000fdafd848,0x00000000fdb00000)
  to   space 32256K, 0% used [0x00000000f9c00000,0x00000000f9c00000,0x00000000fbb80000)
 ParOldGen       total 88064K, used 46430K [0x00000000c0000000, 0x00000000c5600000, 0x00000000eab00000)
  object space 88064K, 52% used [0x00000000c0000000,0x00000000c2d57b90,0x00000000c5600000)
 Metaspace       used 6669K, capacity 7352K, committed 7552K, reserved 1056768K
  class space    used 611K, capacity 624K, committed 640K, reserved 1048576K
}
Event: 4.066 GC heap before
{Heap before GC invocations=10 (full 1):
 PSYoungGen      total 198656K, used 198646K [0x00000000eab00000, 0x00000000fdb00000, 0x0000000100000000)
  eden space 172544K, 100% used [0x00000000eab00000,0x00000000f5380000,0x00000000f5380000)
  from space 26112K, 99% used [0x00000000fc180000,0x00000000fdafd848,0x00000000fdb00000)
  to   space 32256K, 0% used [0x00000000f9c00000,0x00000000f9c00000,0x00000000fbb80000)
 ParOldGen       total 88064K, used 46430K [0x00000000c0000000, 0x00000000c5600000, 0x00000000eab00000)
  object space 88064K, 52% used [0x00000000c0000000,0x00000000c2d57b90,0x00000000c5600000)
 Metaspace       used 6681K, capacity 7352K, committed 7552K, reserved 1056768K
  class space    used 611K, capacity 624K, committed 640K, reserved 1048576K
Event: 4.160 GC heap after
Heap after GC invocations=10 (full 1):
 PSYoungGen      total 248320K, used 32234K [0x00000000eab00000, 0x00000000fd600000, 0x0000000100000000)
  eden space 216064K, 0% used [0x00000000eab00000,0x00000000eab00000,0x00000000f7e00000)
  from space 32256K, 99% used [0x00000000f9c00000,0x00000000fbb7a9a0,0x00000000fbb80000)
  to   space 27136K, 0% used [0x00000000fbb80000,0x00000000fbb80000,0x00000000fd600000)
 ParOldGen       total 88064K, used 64782K [0x00000000c0000000, 0x00000000c5600000, 0x00000000eab00000)
  object space 88064K, 73% used [0x00000000c0000000,0x00000000c3f43a58,0x00000000c5600000)
 Metaspace       used 6681K, capacity 7352K, committed 7552K, reserved 1056768K
  class space    used 611K, capacity 624K, committed 640K, reserved 1048576K
}
Event: 4.793 GC heap before
{Heap before GC invocations=11 (full 1):
 PSYoungGen      total 248320K, used 248298K [0x00000000eab00000, 0x00000000fd600000, 0x0000000100000000)
  eden space 216064K, 100% used [0x00000000eab00000,0x00000000f7e00000,0x00000000f7e00000)
  from space 32256K, 99% used [0x00000000f9c00000,0x00000000fbb7a9a0,0x00000000fbb80000)
  to   space 27136K, 0% used [0x00000000fbb80000,0x00000000fbb80000,0x00000000fd600000)
 ParOldGen       total 88064K, used 64782K [0x00000000c0000000, 0x00000000c5600000, 0x00000000eab00000)
  object space 88064K, 73% used [0x00000000c0000000,0x00000000c3f43a58,0x00000000c5600000)
 Metaspace       used 6693K, capacity 7352K, committed 7552K, reserved 1056768K
  class space    used 611K, capacity 624K, committed 640K, reserved 1048576K
Event: 4.903 GC heap after
Heap after GC invocations=11 (full 1):
 PSYoungGen      total 243200K, used 27136K [0x00000000eab00000, 0x00000000fd600000, 0x0000000100000000)
  eden space 216064K, 0% used [0x00000000eab00000,0x00000000eab00000,0x00000000f7e00000)
  from space 27136K, 100% used [0x00000000fbb80000,0x00000000fd600000,0x00000000fd600000)
  to   space 32256K, 0% used [0x00000000f9c00000,0x00000000f9c00000,0x00000000fbb80000)
 ParOldGen       total 102400K, used 102362K [0x00000000c0000000, 0x00000000c6400000, 0x00000000eab00000)
  object space 102400K, 99% used [0x00000000c0000000,0x00000000c63f6a20,0x00000000c6400000)
 Metaspace       used 6693K, capacity 7352K, committed 7552K, reserved 1056768K
  class space    used 611K, capacity 624K, committed 640K, reserved 1048576K
}
Event: 4.903 GC heap before
{Heap before GC invocations=12 (full 2):
 PSYoungGen      total 243200K, used 27136K [0x00000000eab00000, 0x00000000fd600000, 0x0000000100000000)
  eden space 216064K, 0% used [0x00000000eab00000,0x00000000eab00000,0x00000000f7e00000)
  from space 27136K, 100% used [0x00000000fbb80000,0x00000000fd600000,0x00000000fd600000)
  to   space 32256K, 0% used [0x00000000f9c00000,0x00000000f9c00000,0x00000000fbb80000)
 ParOldGen       total 102400K, used 102362K [0x00000000c0000000, 0x00000000c6400000, 0x00000000eab00000)
  object space 102400K, 99% used [0x00000000c0000000,0x00000000c63f6a20,0x00000000c6400000)
 Metaspace       used 6693K, capacity 7352K, committed 7552K, reserved 1056768K
  class space    used 611K, capacity 624K, committed 640K, reserved 1048576K
Event: 5.874 GC heap after
Heap after GC invocations=12 (full 2):
 PSYoungGen      total 243200K, used 23497K [0x00000000eab00000, 0x00000000fd600000, 0x0000000100000000)
  eden space 216064K, 0% used [0x00000000eab00000,0x00000000eab00000,0x00000000f7e00000)
  from space 27136K, 86% used [0x00000000fbb80000,0x00000000fd272408,0x00000000fd600000)
  to   space 32256K, 0% used [0x00000000f9c00000,0x00000000f9c00000,0x00000000fbb80000)
 ParOldGen       total 102400K, used 101979K [0x00000000c0000000, 0x00000000c6400000, 0x00000000eab00000)
  object space 102400K, 99% used [0x00000000c0000000,0x00000000c6396dc8,0x00000000c6400000)
 Metaspace       used 6693K, capacity 7352K, committed 7552K, reserved 1056768K
  class space    used 611K, capacity 624K, committed 640K, reserved 1048576K
}
Event: 6.473 GC heap before
{Heap before GC invocations=13 (full 3):
 PSYoungGen      total 243200K, used 239561K [0x00000000eab00000, 0x00000000fd600000, 0x0000000100000000)
  eden space 216064K, 100% used [0x00000000eab00000,0x00000000f7e00000,0x00000000f7e00000)
  from space 27136K, 86% used [0x00000000fbb80000,0x00000000fd272408,0x00000000fd600000)
  to   space 32256K, 0% used [0x00000000f9c00000,0x00000000f9c00000,0x00000000fbb80000)
 ParOldGen       total 102400K, used 101979K [0x00000000c0000000, 0x00000000c6400000, 0x00000000eab00000)
  object space 102400K, 99% used [0x00000000c0000000,0x00000000c6396dc8,0x00000000c6400000)
 Metaspace       used 6700K, capacity 7352K, committed 7552K, reserved 1056768K
  class space    used 611K, capacity 624K, committed 640K, reserved 1048576K
Event: 7.653 GC heap after
Heap after GC invocations=13 (full 3):
 PSYoungGen      total 243200K, used 52312K [0x00000000eab00000, 0x00000000fd600000, 0x0000000100000000)
  eden space 216064K, 24% used [0x00000000eab00000,0x00000000ede16238,0x00000000f7e00000)
  from space 27136K, 0% used [0x00000000fbb80000,0x00000000fbb80000,0x00000000fd600000)
  to   space 32256K, 0% used [0x00000000f9c00000,0x00000000f9c00000,0x00000000fbb80000)
 ParOldGen       total 102400K, used 102367K [0x00000000c0000000, 0x00000000c6400000, 0x00000000eab00000)
  object space 102400K, 99% used [0x00000000c0000000,0x00000000c63f7e38,0x00000000c6400000)
 Metaspace       used 6700K, capacity 7352K, committed 7552K, reserved 1056768K
  class space    used 611K, capacity 624K, committed 640K, reserved 1048576K
}

