# JRE version: OpenJDK Runtime Environment (8.0) (build 1.8.0-25-microsoft-b00)
# Java VM: OpenJDK 64-Bit Server VM (25.71-b00 mixed mode windows-amd64 compressed oops)
Heap:
 PSYoungGen      total 215552K, used 99036K [0x00000000eab00000, 0x00000000ffb80000, 0x0000000100000000)
  eden space 173568K, 35% used [0x00000000eab00000,0x00000000ee661ec0,0x00000000f5480000)
  from space 41984K, 91% used [0x00000000f8a80000,0x00000000fafd52c0,0x00000000fb380000)
  to   space 55296K, 0% used [0x00000000f5480000,0x00000000f5480000,0x00000000f8a80000)
 ParOldGen       total 146944K, used 82345K [0x00000000c0000000, 0x00000000c8f80000, 0x00000000eab00000)
  object space 146944K, 56% used [0x00000000c0000000,0x00000000c506a778,0x00000000c8f80000)
 Metaspace       used 6705K, capacity 7352K, committed 7552K, reserved 1056768K
  class space    used 611K, capacity 624K, committed 640K, reserved 1048576K
GC Heap History (10 events):
Event: 2.985 GC heap before
{Heap before GC invocations=10 (full 1):
 PSYoungGen      total 143360K, used 19450K [0x00000000eab00000, 0x00000000fa400000, 0x0000000100000000)
  eden space 123904K, 0% used [0x00000000eab00000,0x00000000eab00000,0x00000000f2400000)
  from space 19456K, 99% used [0x00000000f2400000,0x00000000f36feaa0,0x00000000f3700000)
  to   space 28160K, 0% used [0x00000000f8880000,0x00000000f8880000,0x00000000fa400000)
 ParOldGen       total 44032K, used 40081K [0x00000000c0000000, 0x00000000c2b00000, 0x00000000eab00000)
  object space 44032K, 91% used [0x00000000c0000000,0x00000000c2724748,0x00000000c2b00000)
 Metaspace       used 6567K, capacity 7344K, committed 7552K, reserved 1056768K
  class space    used 590K, capacity 616K, committed 640K, reserved 1048576K
Event: 3.394 GC heap after
Heap after GC invocations=10 (full 1):
 PSYoungGen      total 143360K, used 11732K [0x00000000eab00000, 0x00000000fa400000, 0x0000000100000000)
  eden space 123904K, 0% used [0x00000000eab00000,0x00000000eab00000,0x00000000f2400000)
  from space 19456K, 60% used [0x00000000f2400000,0x00000000f2f75118,0x00000000f3700000)
  to   space 28160K, 0% used [0x00000000f8880000,0x00000000f8880000,0x00000000fa400000)
 ParOldGen       total 82432K, used 43746K [0x00000000c0000000, 0x00000000c5080000, 0x00000000eab00000)
  object space 82432K, 53% used [0x00000000c0000000,0x00000000c2ab8948,0x00000000c5080000)
 Metaspace       used 6567K, capacity 7344K, committed 7552K, reserved 1056768K
  class space    used 590K, capacity 616K, committed 640K, reserved 1048576K
}
Event: 3.874 GC heap before
{Heap before GC invocations=11 (full 1):
 PSYoungGen      total 143360K, used 135636K [0x00000000eab00000, 0x00000000fa400000, 0x0000000100000000)
  eden space 123904K, 100% used [0x00000000eab00000,0x00000000f2400000,0x00000000f2400000)
  from space 19456K, 60% used [0x00000000f2400000,0x00000000f2f75118,0x00000000f3700000)
  to   space 28160K, 0% used [0x00000000f8880000,0x00000000f8880000,0x00000000fa400000)
 ParOldGen       total 82432K, used 43746K [0x00000000c0000000, 0x00000000c5080000, 0x00000000eab00000)
  object space 82432K, 53% used [0x00000000c0000000,0x00000000c2ab8948,0x00000000c5080000)
 Metaspace       used 6681K, capacity 7352K, committed 7552K, reserved 1056768K
  class space    used 611K, capacity 624K, committed 640K, reserved 1048576K
Event: 3.922 GC heap after
Heap after GC invocations=11 (full 1):
 PSYoungGen      total 176640K, used 25191K [0x00000000eab00000, 0x00000000fa180000, 0x0000000100000000)
  eden space 151040K, 0% used [0x00000000eab00000,0x00000000eab00000,0x00000000f3e80000)
  from space 25600K, 98% used [0x00000000f8880000,0x00000000fa119f10,0x00000000fa180000)
  to   space 31232K, 0% used [0x00000000f6480000,0x00000000f6480000,0x00000000f8300000)
 ParOldGen       total 82432K, used 49802K [0x00000000c0000000, 0x00000000c5080000, 0x00000000eab00000)
  object space 82432K, 60% used [0x00000000c0000000,0x00000000c30a2b30,0x00000000c5080000)
 Metaspace       used 6681K, capacity 7352K, committed 7552K, reserved 1056768K
  class space    used 611K, capacity 624K, committed 640K, reserved 1048576K
}
Event: 4.449 GC heap before
{Heap before GC invocations=12 (full 1):
 PSYoungGen      total 176640K, used 176231K [0x00000000eab00000, 0x00000000fa180000, 0x0000000100000000)
  eden space 151040K, 100% used [0x00000000eab00000,0x00000000f3e80000,0x00000000f3e80000)
  from space 25600K, 98% used [0x00000000f8880000,0x00000000fa119f10,0x00000000fa180000)
  to   space 31232K, 0% used [0x00000000f6480000,0x00000000f6480000,0x00000000f8300000)
 ParOldGen       total 82432K, used 49802K [0x00000000c0000000, 0x00000000c5080000, 0x00000000eab00000)
  object space 82432K, 60% used [0x00000000c0000000,0x00000000c30a2b30,0x00000000c5080000)
 Metaspace       used 6692K, capacity 7352K, committed 7552K, reserved 1056768K
  class space    used 611K, capacity 624K, committed 640K, reserved 1048576K
Event: 4.515 GC heap after
Heap after GC invocations=12 (full 1):
 PSYoungGen      total 218112K, used 31206K [0x00000000eab00000, 0x00000000fb380000, 0x0000000100000000)
  eden space 186880K, 0% used [0x00000000eab00000,0x00000000eab00000,0x00000000f6180000)
  from space 31232K, 99% used [0x00000000f6480000,0x00000000f82f9ad0,0x00000000f8300000)
  to   space 41984K, 0% used [0x00000000f8a80000,0x00000000f8a80000,0x00000000fb380000)
 ParOldGen       total 82432K, used 64583K [0x00000000c0000000, 0x00000000c5080000, 0x00000000eab00000)
  object space 82432K, 78% used [0x00000000c0000000,0x00000000c3f11dc8,0x00000000c5080000)
 Metaspace       used 6692K, capacity 7352K, committed 7552K, reserved 1056768K
  class space    used 611K, capacity 624K, committed 640K, reserved 1048576K
}
Event: 5.099 GC heap before
{Heap before GC invocations=13 (full 1):
 PSYoungGen      total 218112K, used 218086K [0x00000000eab00000, 0x00000000fb380000, 0x0000000100000000)
  eden space 186880K, 100% used [0x00000000eab00000,0x00000000f6180000,0x00000000f6180000)
  from space 31232K, 99% used [0x00000000f6480000,0x00000000f82f9ad0,0x00000000f8300000)
  to   space 41984K, 0% used [0x00000000f8a80000,0x00000000f8a80000,0x00000000fb380000)
 ParOldGen       total 82432K, used 64583K [0x00000000c0000000, 0x00000000c5080000, 0x00000000eab00000)
  object space 82432K, 78% used [0x00000000c0000000,0x00000000c3f11dc8,0x00000000c5080000)
 Metaspace       used 6698K, capacity 7352K, committed 7552K, reserved 1056768K
  class space    used 611K, capacity 624K, committed 640K, reserved 1048576K
Event: 5.173 GC heap after
Heap after GC invocations=13 (full 1):
 PSYoungGen      total 215552K, used 41982K [0x00000000eab00000, 0x00000000ffb80000, 0x0000000100000000)
  eden space 173568K, 0% used [0x00000000eab00000,0x00000000eab00000,0x00000000f5480000)
  from space 41984K, 99% used [0x00000000f8a80000,0x00000000fb37f930,0x00000000fb380000)
  to   space 55296K, 0% used [0x00000000f5480000,0x00000000f5480000,0x00000000f8a80000)
 ParOldGen       total 82432K, used 81740K [0x00000000c0000000, 0x00000000c5080000, 0x00000000eab00000)
  object space 82432K, 99% used [0x00000000c0000000,0x00000000c4fd30a0,0x00000000c5080000)
 Metaspace       used 6698K, capacity 7352K, committed 7552K, reserved 1056768K
  class space    used 611K, capacity 624K, committed 640K, reserved 1048576K
}
Event: 5.173 GC heap before
{Heap before GC invocations=14 (full 2):
 PSYoungGen      total 215552K, used 41982K [0x00000000eab00000, 0x00000000ffb80000, 0x0000000100000000)
  eden space 173568K, 0% used [0x00000000eab00000,0x00000000eab00000,0x00000000f5480000)
  from space 41984K, 99% used [0x00000000f8a80000,0x00000000fb37f930,0x00000000fb380000)
  to   space 55296K, 0% used [0x00000000f5480000,0x00000000f5480000,0x00000000f8a80000)
 ParOldGen       total 82432K, used 81740K [0x00000000c0000000, 0x00000000c5080000, 0x00000000eab00000)
  object space 82432K, 99% used [0x00000000c0000000,0x00000000c4fd30a0,0x00000000c5080000)
 Metaspace       used 6698K, capacity 7352K, committed 7552K, reserved 1056768K
  class space    used 611K, capacity 624K, committed 640K, reserved 1048576K
Event: 5.905 GC heap after
Heap after GC invocations=14 (full 2):
 PSYoungGen      total 215552K, used 38228K [0x00000000eab00000, 0x00000000ffb80000, 0x0000000100000000)
  eden space 173568K, 0% used [0x00000000eab00000,0x00000000eab00000,0x00000000f5480000)
  from space 41984K, 91% used [0x00000000f8a80000,0x00000000fafd52c0,0x00000000fb380000)
  to   space 55296K, 0% used [0x00000000f5480000,0x00000000f5480000,0x00000000f8a80000)
 ParOldGen       total 146944K, used 82345K [0x00000000c0000000, 0x00000000c8f80000, 0x00000000eab00000)
  object space 146944K, 56% used [0x00000000c0000000,0x00000000c506a778,0x00000000c8f80000)
 Metaspace       used 6698K, capacity 7352K, committed 7552K, reserved 1056768K
  class space    used 611K, capacity 624K, committed 640K, reserved 1048576K
}

